[2020-06-13 12:38:32,572] {taskinstance.py:669} INFO - Dependencies all met for <TaskInstance: simple_dag.greet 2020-06-01T10:01:00+00:00 [queued]>
[2020-06-13 12:38:32,586] {taskinstance.py:669} INFO - Dependencies all met for <TaskInstance: simple_dag.greet 2020-06-01T10:01:00+00:00 [queued]>
[2020-06-13 12:38:32,586] {taskinstance.py:879} INFO - 
--------------------------------------------------------------------------------
[2020-06-13 12:38:32,586] {taskinstance.py:880} INFO - Starting attempt 1 of 2
[2020-06-13 12:38:32,586] {taskinstance.py:881} INFO - 
--------------------------------------------------------------------------------
[2020-06-13 12:38:32,600] {taskinstance.py:900} INFO - Executing <Task(PythonOperator): greet> on 2020-06-01T10:01:00+00:00
[2020-06-13 12:38:32,603] {standard_task_runner.py:53} INFO - Started process 84854 to run task
[2020-06-13 12:38:32,649] {logging_mixin.py:112} INFO - Running %s on host %s <TaskInstance: simple_dag.greet 2020-06-01T10:01:00+00:00 [running]> nineleaps-ThinkPad-E480
[2020-06-13 12:38:32,660] {logging_mixin.py:112} INFO - Writing in file
[2020-06-13 12:38:32,661] {python_operator.py:114} INFO - Done. Returned value was: Greeted
[2020-06-13 12:38:32,680] {taskinstance.py:1065} INFO - Marking task as SUCCESS.dag_id=simple_dag, task_id=greet, execution_date=20200601T100100, start_date=20200613T070832, end_date=20200613T070832
[2020-06-13 12:38:42,540] {logging_mixin.py:112} INFO - [2020-06-13 12:38:42,539] {local_task_job.py:103} INFO - Task exited with return code 0
[2020-06-13 12:45:23,410] {taskinstance.py:669} INFO - Dependencies all met for <TaskInstance: simple_dag.greet 2020-06-01T10:01:00+00:00 [queued]>
[2020-06-13 12:45:23,423] {taskinstance.py:669} INFO - Dependencies all met for <TaskInstance: simple_dag.greet 2020-06-01T10:01:00+00:00 [queued]>
[2020-06-13 12:45:23,423] {taskinstance.py:879} INFO - 
--------------------------------------------------------------------------------
[2020-06-13 12:45:23,423] {taskinstance.py:880} INFO - Starting attempt 1 of 2
[2020-06-13 12:45:23,423] {taskinstance.py:881} INFO - 
--------------------------------------------------------------------------------
[2020-06-13 12:45:23,437] {taskinstance.py:900} INFO - Executing <Task(PythonOperator): greet> on 2020-06-01T10:01:00+00:00
[2020-06-13 12:45:23,438] {standard_task_runner.py:53} INFO - Started process 86631 to run task
[2020-06-13 12:45:23,479] {logging_mixin.py:112} INFO - Running %s on host %s <TaskInstance: simple_dag.greet 2020-06-01T10:01:00+00:00 [running]> nineleaps-ThinkPad-E480
[2020-06-13 12:45:23,490] {logging_mixin.py:112} INFO - Writing in file
[2020-06-13 12:45:23,490] {logging_mixin.py:112} INFO - /home/nineleaps/PycharmProjects/airflow_2/output/greet.txt
[2020-06-13 12:45:23,490] {python_operator.py:114} INFO - Done. Returned value was: Greeted
[2020-06-13 12:45:23,506] {taskinstance.py:1065} INFO - Marking task as SUCCESS.dag_id=simple_dag, task_id=greet, execution_date=20200601T100100, start_date=20200613T071523, end_date=20200613T071523
[2020-06-13 12:45:33,396] {logging_mixin.py:112} INFO - [2020-06-13 12:45:33,395] {local_task_job.py:103} INFO - Task exited with return code 0
