[2020-06-13 12:38:43,851] {taskinstance.py:669} INFO - Dependencies all met for <TaskInstance: simple_dag.sleep_me 2020-06-01T10:00:00+00:00 [queued]>
[2020-06-13 12:38:43,860] {taskinstance.py:669} INFO - Dependencies all met for <TaskInstance: simple_dag.sleep_me 2020-06-01T10:00:00+00:00 [queued]>
[2020-06-13 12:38:43,860] {taskinstance.py:879} INFO - 
--------------------------------------------------------------------------------
[2020-06-13 12:38:43,860] {taskinstance.py:880} INFO - Starting attempt 1 of 2
[2020-06-13 12:38:43,860] {taskinstance.py:881} INFO - 
--------------------------------------------------------------------------------
[2020-06-13 12:38:43,872] {taskinstance.py:900} INFO - Executing <Task(BashOperator): sleep_me> on 2020-06-01T10:00:00+00:00
[2020-06-13 12:38:43,874] {standard_task_runner.py:53} INFO - Started process 84908 to run task
[2020-06-13 12:38:43,915] {logging_mixin.py:112} INFO - Running %s on host %s <TaskInstance: simple_dag.sleep_me 2020-06-01T10:00:00+00:00 [running]> nineleaps-ThinkPad-E480
[2020-06-13 12:38:43,925] {bash_operator.py:82} INFO - Tmp dir root location: 
 /tmp
[2020-06-13 12:38:43,926] {bash_operator.py:105} INFO - Temporary script location: /tmp/airflowtmp6qkpzobz/sleep_meq_vaohsf
[2020-06-13 12:38:43,926] {bash_operator.py:115} INFO - Running command: sleep 2
[2020-06-13 12:38:43,937] {bash_operator.py:122} INFO - Output:
[2020-06-13 12:38:45,953] {bash_operator.py:130} INFO - Command exited with return code 0
[2020-06-13 12:38:45,964] {taskinstance.py:1065} INFO - Marking task as SUCCESS.dag_id=simple_dag, task_id=sleep_me, execution_date=20200601T100000, start_date=20200613T070843, end_date=20200613T070845
[2020-06-13 12:38:53,846] {logging_mixin.py:112} INFO - [2020-06-13 12:38:53,845] {local_task_job.py:103} INFO - Task exited with return code 0
[2020-06-13 12:45:34,717] {taskinstance.py:669} INFO - Dependencies all met for <TaskInstance: simple_dag.sleep_me 2020-06-01T10:00:00+00:00 [queued]>
[2020-06-13 12:45:34,730] {taskinstance.py:669} INFO - Dependencies all met for <TaskInstance: simple_dag.sleep_me 2020-06-01T10:00:00+00:00 [queued]>
[2020-06-13 12:45:34,730] {taskinstance.py:879} INFO - 
--------------------------------------------------------------------------------
[2020-06-13 12:45:34,730] {taskinstance.py:880} INFO - Starting attempt 1 of 2
[2020-06-13 12:45:34,730] {taskinstance.py:881} INFO - 
--------------------------------------------------------------------------------
[2020-06-13 12:45:34,745] {taskinstance.py:900} INFO - Executing <Task(BashOperator): sleep_me> on 2020-06-01T10:00:00+00:00
[2020-06-13 12:45:34,747] {standard_task_runner.py:53} INFO - Started process 86694 to run task
[2020-06-13 12:45:34,790] {logging_mixin.py:112} INFO - Running %s on host %s <TaskInstance: simple_dag.sleep_me 2020-06-01T10:00:00+00:00 [running]> nineleaps-ThinkPad-E480
[2020-06-13 12:45:34,799] {bash_operator.py:82} INFO - Tmp dir root location: 
 /tmp
[2020-06-13 12:45:34,800] {bash_operator.py:105} INFO - Temporary script location: /tmp/airflowtmpjiy_t2p8/sleep_meot5qsvyb
[2020-06-13 12:45:34,800] {bash_operator.py:115} INFO - Running command: sleep 2
[2020-06-13 12:45:34,804] {bash_operator.py:122} INFO - Output:
[2020-06-13 12:45:36,806] {bash_operator.py:130} INFO - Command exited with return code 0
[2020-06-13 12:45:36,827] {taskinstance.py:1065} INFO - Marking task as SUCCESS.dag_id=simple_dag, task_id=sleep_me, execution_date=20200601T100000, start_date=20200613T071534, end_date=20200613T071536
[2020-06-13 12:45:44,697] {logging_mixin.py:112} INFO - [2020-06-13 12:45:44,696] {local_task_job.py:103} INFO - Task exited with return code 0
