[2020-06-13 12:09:15,733] {taskinstance.py:669} INFO - Dependencies all met for <TaskInstance: simple_dag.say_hi 2020-06-01T10:00:00+00:00 [queued]>
[2020-06-13 12:09:15,743] {taskinstance.py:669} INFO - Dependencies all met for <TaskInstance: simple_dag.say_hi 2020-06-01T10:00:00+00:00 [queued]>
[2020-06-13 12:09:15,743] {taskinstance.py:879} INFO - 
--------------------------------------------------------------------------------
[2020-06-13 12:09:15,743] {taskinstance.py:880} INFO - Starting attempt 1 of 2
[2020-06-13 12:09:15,744] {taskinstance.py:881} INFO - 
--------------------------------------------------------------------------------
[2020-06-13 12:09:15,758] {taskinstance.py:900} INFO - Executing <Task(BashOperator): say_hi> on 2020-06-01T10:00:00+00:00
[2020-06-13 12:09:15,760] {standard_task_runner.py:53} INFO - Started process 78453 to run task
[2020-06-13 12:09:15,805] {logging_mixin.py:112} INFO - Running %s on host %s <TaskInstance: simple_dag.say_hi 2020-06-01T10:00:00+00:00 [running]> nineleaps-ThinkPad-E480
[2020-06-13 12:09:15,815] {bash_operator.py:82} INFO - Tmp dir root location: 
 /tmp
[2020-06-13 12:09:15,816] {bash_operator.py:105} INFO - Temporary script location: /tmp/airflowtmpy7708kdq/say_hi1u21veuh
[2020-06-13 12:09:15,816] {bash_operator.py:115} INFO - Running command: echo Hi !!
[2020-06-13 12:09:15,820] {bash_operator.py:122} INFO - Output:
[2020-06-13 12:09:15,821] {bash_operator.py:126} INFO - Hi !!
[2020-06-13 12:09:15,821] {bash_operator.py:130} INFO - Command exited with return code 0
[2020-06-13 12:09:15,827] {taskinstance.py:1065} INFO - Marking task as SUCCESS.dag_id=simple_dag, task_id=say_hi, execution_date=20200601T100000, start_date=20200613T063915, end_date=20200613T063915
[2020-06-13 12:09:25,705] {logging_mixin.py:112} INFO - [2020-06-13 12:09:25,704] {local_task_job.py:103} INFO - Task exited with return code 0
[2020-06-13 12:16:10,284] {taskinstance.py:669} INFO - Dependencies all met for <TaskInstance: simple_dag.say_hi 2020-06-01T10:00:00+00:00 [queued]>
[2020-06-13 12:16:10,292] {taskinstance.py:669} INFO - Dependencies all met for <TaskInstance: simple_dag.say_hi 2020-06-01T10:00:00+00:00 [queued]>
[2020-06-13 12:16:10,292] {taskinstance.py:879} INFO - 
--------------------------------------------------------------------------------
[2020-06-13 12:16:10,292] {taskinstance.py:880} INFO - Starting attempt 1 of 2
[2020-06-13 12:16:10,292] {taskinstance.py:881} INFO - 
--------------------------------------------------------------------------------
[2020-06-13 12:16:10,306] {taskinstance.py:900} INFO - Executing <Task(BashOperator): say_hi> on 2020-06-01T10:00:00+00:00
[2020-06-13 12:16:10,308] {standard_task_runner.py:53} INFO - Started process 80008 to run task
[2020-06-13 12:16:10,354] {logging_mixin.py:112} INFO - Running %s on host %s <TaskInstance: simple_dag.say_hi 2020-06-01T10:00:00+00:00 [running]> nineleaps-ThinkPad-E480
[2020-06-13 12:16:10,364] {bash_operator.py:82} INFO - Tmp dir root location: 
 /tmp
[2020-06-13 12:16:10,365] {bash_operator.py:105} INFO - Temporary script location: /tmp/airflowtmp43lp0spx/say_hirko9wqva
[2020-06-13 12:16:10,365] {bash_operator.py:115} INFO - Running command: echo Hi !!
[2020-06-13 12:16:10,369] {bash_operator.py:122} INFO - Output:
[2020-06-13 12:16:10,369] {bash_operator.py:126} INFO - Hi !!
[2020-06-13 12:16:10,369] {bash_operator.py:130} INFO - Command exited with return code 0
[2020-06-13 12:16:10,375] {taskinstance.py:1065} INFO - Marking task as SUCCESS.dag_id=simple_dag, task_id=say_hi, execution_date=20200601T100000, start_date=20200613T064610, end_date=20200613T064610
[2020-06-13 12:16:20,279] {logging_mixin.py:112} INFO - [2020-06-13 12:16:20,278] {local_task_job.py:103} INFO - Task exited with return code 0
[2020-06-13 12:22:44,638] {taskinstance.py:669} INFO - Dependencies all met for <TaskInstance: simple_dag.say_hi 2020-06-01T10:00:00+00:00 [queued]>
[2020-06-13 12:22:44,646] {taskinstance.py:669} INFO - Dependencies all met for <TaskInstance: simple_dag.say_hi 2020-06-01T10:00:00+00:00 [queued]>
[2020-06-13 12:22:44,646] {taskinstance.py:879} INFO - 
--------------------------------------------------------------------------------
[2020-06-13 12:22:44,646] {taskinstance.py:880} INFO - Starting attempt 1 of 2
[2020-06-13 12:22:44,646] {taskinstance.py:881} INFO - 
--------------------------------------------------------------------------------
[2020-06-13 12:22:44,660] {taskinstance.py:900} INFO - Executing <Task(BashOperator): say_hi> on 2020-06-01T10:00:00+00:00
[2020-06-13 12:22:44,662] {standard_task_runner.py:53} INFO - Started process 81523 to run task
[2020-06-13 12:22:44,704] {logging_mixin.py:112} INFO - Running %s on host %s <TaskInstance: simple_dag.say_hi 2020-06-01T10:00:00+00:00 [running]> nineleaps-ThinkPad-E480
[2020-06-13 12:22:44,715] {bash_operator.py:82} INFO - Tmp dir root location: 
 /tmp
[2020-06-13 12:22:44,715] {bash_operator.py:105} INFO - Temporary script location: /tmp/airflowtmpgmhylft1/say_higkbjqykc
[2020-06-13 12:22:44,715] {bash_operator.py:115} INFO - Running command: echo Hi !!
[2020-06-13 12:22:44,720] {bash_operator.py:122} INFO - Output:
[2020-06-13 12:22:44,721] {bash_operator.py:126} INFO - Hi !!
[2020-06-13 12:22:44,721] {bash_operator.py:130} INFO - Command exited with return code 0
[2020-06-13 12:22:44,727] {taskinstance.py:1065} INFO - Marking task as SUCCESS.dag_id=simple_dag, task_id=say_hi, execution_date=20200601T100000, start_date=20200613T065244, end_date=20200613T065244
[2020-06-13 12:22:54,632] {logging_mixin.py:112} INFO - [2020-06-13 12:22:54,631] {local_task_job.py:103} INFO - Task exited with return code 0
[2020-06-13 12:36:09,291] {taskinstance.py:669} INFO - Dependencies all met for <TaskInstance: simple_dag.say_hi 2020-06-01T10:00:00+00:00 [queued]>
[2020-06-13 12:36:09,300] {taskinstance.py:669} INFO - Dependencies all met for <TaskInstance: simple_dag.say_hi 2020-06-01T10:00:00+00:00 [queued]>
[2020-06-13 12:36:09,300] {taskinstance.py:879} INFO - 
--------------------------------------------------------------------------------
[2020-06-13 12:36:09,300] {taskinstance.py:880} INFO - Starting attempt 1 of 2
[2020-06-13 12:36:09,300] {taskinstance.py:881} INFO - 
--------------------------------------------------------------------------------
[2020-06-13 12:36:09,315] {taskinstance.py:900} INFO - Executing <Task(BashOperator): say_hi> on 2020-06-01T10:00:00+00:00
[2020-06-13 12:36:09,317] {standard_task_runner.py:53} INFO - Started process 84413 to run task
[2020-06-13 12:36:09,374] {logging_mixin.py:112} INFO - Running %s on host %s <TaskInstance: simple_dag.say_hi 2020-06-01T10:00:00+00:00 [running]> nineleaps-ThinkPad-E480
[2020-06-13 12:36:09,384] {bash_operator.py:82} INFO - Tmp dir root location: 
 /tmp
[2020-06-13 12:36:09,385] {bash_operator.py:105} INFO - Temporary script location: /tmp/airflowtmpxbrgi8iv/say_higieig29k
[2020-06-13 12:36:09,385] {bash_operator.py:115} INFO - Running command: echo Hi !!
[2020-06-13 12:36:09,389] {bash_operator.py:122} INFO - Output:
[2020-06-13 12:36:09,390] {bash_operator.py:126} INFO - Hi !!
[2020-06-13 12:36:09,390] {bash_operator.py:130} INFO - Command exited with return code 0
[2020-06-13 12:36:09,396] {taskinstance.py:1065} INFO - Marking task as SUCCESS.dag_id=simple_dag, task_id=say_hi, execution_date=20200601T100000, start_date=20200613T070609, end_date=20200613T070609
[2020-06-13 12:36:19,268] {logging_mixin.py:112} INFO - [2020-06-13 12:36:19,268] {local_task_job.py:103} INFO - Task exited with return code 0
[2020-06-13 12:42:59,807] {taskinstance.py:669} INFO - Dependencies all met for <TaskInstance: simple_dag.say_hi 2020-06-01T10:00:00+00:00 [queued]>
[2020-06-13 12:42:59,815] {taskinstance.py:669} INFO - Dependencies all met for <TaskInstance: simple_dag.say_hi 2020-06-01T10:00:00+00:00 [queued]>
[2020-06-13 12:42:59,815] {taskinstance.py:879} INFO - 
--------------------------------------------------------------------------------
[2020-06-13 12:42:59,815] {taskinstance.py:880} INFO - Starting attempt 1 of 2
[2020-06-13 12:42:59,816] {taskinstance.py:881} INFO - 
--------------------------------------------------------------------------------
[2020-06-13 12:42:59,829] {taskinstance.py:900} INFO - Executing <Task(BashOperator): say_hi> on 2020-06-01T10:00:00+00:00
[2020-06-13 12:42:59,831] {standard_task_runner.py:53} INFO - Started process 86201 to run task
[2020-06-13 12:42:59,874] {logging_mixin.py:112} INFO - Running %s on host %s <TaskInstance: simple_dag.say_hi 2020-06-01T10:00:00+00:00 [running]> nineleaps-ThinkPad-E480
[2020-06-13 12:42:59,884] {bash_operator.py:82} INFO - Tmp dir root location: 
 /tmp
[2020-06-13 12:42:59,885] {bash_operator.py:105} INFO - Temporary script location: /tmp/airflowtmpsscx57q0/say_hixc4ngjfo
[2020-06-13 12:42:59,885] {bash_operator.py:115} INFO - Running command: echo Hi !!
[2020-06-13 12:42:59,889] {bash_operator.py:122} INFO - Output:
[2020-06-13 12:42:59,889] {bash_operator.py:126} INFO - Hi !!
[2020-06-13 12:42:59,889] {bash_operator.py:130} INFO - Command exited with return code 0
[2020-06-13 12:42:59,895] {taskinstance.py:1065} INFO - Marking task as SUCCESS.dag_id=simple_dag, task_id=say_hi, execution_date=20200601T100000, start_date=20200613T071259, end_date=20200613T071259
[2020-06-13 12:43:09,797] {logging_mixin.py:112} INFO - [2020-06-13 12:43:09,796] {local_task_job.py:103} INFO - Task exited with return code 0
