[2020-06-13 12:12:39,752] {taskinstance.py:669} INFO - Dependencies all met for <TaskInstance: simple_dag.say_hi 2020-06-01T10:03:00+00:00 [queued]>
[2020-06-13 12:12:39,766] {taskinstance.py:669} INFO - Dependencies all met for <TaskInstance: simple_dag.say_hi 2020-06-01T10:03:00+00:00 [queued]>
[2020-06-13 12:12:39,766] {taskinstance.py:879} INFO - 
--------------------------------------------------------------------------------
[2020-06-13 12:12:39,766] {taskinstance.py:880} INFO - Starting attempt 1 of 2
[2020-06-13 12:12:39,766] {taskinstance.py:881} INFO - 
--------------------------------------------------------------------------------
[2020-06-13 12:12:39,781] {taskinstance.py:900} INFO - Executing <Task(BashOperator): say_hi> on 2020-06-01T10:03:00+00:00
[2020-06-13 12:12:39,782] {standard_task_runner.py:53} INFO - Started process 79048 to run task
[2020-06-13 12:12:39,829] {logging_mixin.py:112} INFO - Running %s on host %s <TaskInstance: simple_dag.say_hi 2020-06-01T10:03:00+00:00 [running]> nineleaps-ThinkPad-E480
[2020-06-13 12:12:39,839] {bash_operator.py:82} INFO - Tmp dir root location: 
 /tmp
[2020-06-13 12:12:39,840] {bash_operator.py:105} INFO - Temporary script location: /tmp/airflowtmpquuraxbe/say_hibzxm0phg
[2020-06-13 12:12:39,840] {bash_operator.py:115} INFO - Running command: echo Hi !!
[2020-06-13 12:12:39,844] {bash_operator.py:122} INFO - Output:
[2020-06-13 12:12:39,845] {bash_operator.py:126} INFO - Hi !!
[2020-06-13 12:12:39,845] {bash_operator.py:130} INFO - Command exited with return code 0
[2020-06-13 12:12:39,851] {taskinstance.py:1065} INFO - Marking task as SUCCESS.dag_id=simple_dag, task_id=say_hi, execution_date=20200601T100300, start_date=20200613T064239, end_date=20200613T064239
[2020-06-13 12:12:49,742] {logging_mixin.py:112} INFO - [2020-06-13 12:12:49,741] {local_task_job.py:103} INFO - Task exited with return code 0
[2020-06-13 12:46:35,066] {taskinstance.py:669} INFO - Dependencies all met for <TaskInstance: simple_dag.say_hi 2020-06-01T10:03:00+00:00 [queued]>
[2020-06-13 12:46:35,081] {taskinstance.py:669} INFO - Dependencies all met for <TaskInstance: simple_dag.say_hi 2020-06-01T10:03:00+00:00 [queued]>
[2020-06-13 12:46:35,081] {taskinstance.py:879} INFO - 
--------------------------------------------------------------------------------
[2020-06-13 12:46:35,081] {taskinstance.py:880} INFO - Starting attempt 1 of 2
[2020-06-13 12:46:35,081] {taskinstance.py:881} INFO - 
--------------------------------------------------------------------------------
[2020-06-13 12:46:35,097] {taskinstance.py:900} INFO - Executing <Task(BashOperator): say_hi> on 2020-06-01T10:03:00+00:00
[2020-06-13 12:46:35,101] {standard_task_runner.py:53} INFO - Started process 86916 to run task
[2020-06-13 12:46:35,152] {logging_mixin.py:112} INFO - Running %s on host %s <TaskInstance: simple_dag.say_hi 2020-06-01T10:03:00+00:00 [running]> nineleaps-ThinkPad-E480
[2020-06-13 12:46:35,163] {bash_operator.py:82} INFO - Tmp dir root location: 
 /tmp
[2020-06-13 12:46:35,164] {bash_operator.py:105} INFO - Temporary script location: /tmp/airflowtmpzt949pn9/say_hi_i9rn968
[2020-06-13 12:46:35,164] {bash_operator.py:115} INFO - Running command: echo Hi !!
[2020-06-13 12:46:35,170] {bash_operator.py:122} INFO - Output:
[2020-06-13 12:46:35,171] {bash_operator.py:126} INFO - Hi !!
[2020-06-13 12:46:35,171] {bash_operator.py:130} INFO - Command exited with return code 0
[2020-06-13 12:46:35,178] {taskinstance.py:1065} INFO - Marking task as SUCCESS.dag_id=simple_dag, task_id=say_hi, execution_date=20200601T100300, start_date=20200613T071635, end_date=20200613T071635
[2020-06-13 12:46:45,053] {logging_mixin.py:112} INFO - [2020-06-13 12:46:45,052] {local_task_job.py:103} INFO - Task exited with return code 0
