[2020-06-13 12:10:16,165] {taskinstance.py:669} INFO - Dependencies all met for <TaskInstance: simple_dag.say_hi 2020-06-01T10:01:00+00:00 [queued]>
[2020-06-13 12:10:16,176] {taskinstance.py:669} INFO - Dependencies all met for <TaskInstance: simple_dag.say_hi 2020-06-01T10:01:00+00:00 [queued]>
[2020-06-13 12:10:16,176] {taskinstance.py:879} INFO - 
--------------------------------------------------------------------------------
[2020-06-13 12:10:16,176] {taskinstance.py:880} INFO - Starting attempt 1 of 2
[2020-06-13 12:10:16,176] {taskinstance.py:881} INFO - 
--------------------------------------------------------------------------------
[2020-06-13 12:10:16,190] {taskinstance.py:900} INFO - Executing <Task(BashOperator): say_hi> on 2020-06-01T10:01:00+00:00
[2020-06-13 12:10:16,191] {standard_task_runner.py:53} INFO - Started process 78661 to run task
[2020-06-13 12:10:16,233] {logging_mixin.py:112} INFO - Running %s on host %s <TaskInstance: simple_dag.say_hi 2020-06-01T10:01:00+00:00 [running]> nineleaps-ThinkPad-E480
[2020-06-13 12:10:16,242] {bash_operator.py:82} INFO - Tmp dir root location: 
 /tmp
[2020-06-13 12:10:16,243] {bash_operator.py:105} INFO - Temporary script location: /tmp/airflowtmpqprdcfbd/say_hi53_116e1
[2020-06-13 12:10:16,243] {bash_operator.py:115} INFO - Running command: echo Hi !!
[2020-06-13 12:10:16,246] {bash_operator.py:122} INFO - Output:
[2020-06-13 12:10:16,247] {bash_operator.py:126} INFO - Hi !!
[2020-06-13 12:10:16,247] {bash_operator.py:130} INFO - Command exited with return code 0
[2020-06-13 12:10:16,252] {taskinstance.py:1065} INFO - Marking task as SUCCESS.dag_id=simple_dag, task_id=say_hi, execution_date=20200601T100100, start_date=20200613T064016, end_date=20200613T064016
[2020-06-13 12:10:26,160] {logging_mixin.py:112} INFO - [2020-06-13 12:10:26,159] {local_task_job.py:103} INFO - Task exited with return code 0
[2020-06-13 12:17:10,857] {taskinstance.py:669} INFO - Dependencies all met for <TaskInstance: simple_dag.say_hi 2020-06-01T10:01:00+00:00 [queued]>
[2020-06-13 12:17:10,871] {taskinstance.py:669} INFO - Dependencies all met for <TaskInstance: simple_dag.say_hi 2020-06-01T10:01:00+00:00 [queued]>
[2020-06-13 12:17:10,871] {taskinstance.py:879} INFO - 
--------------------------------------------------------------------------------
[2020-06-13 12:17:10,871] {taskinstance.py:880} INFO - Starting attempt 1 of 2
[2020-06-13 12:17:10,871] {taskinstance.py:881} INFO - 
--------------------------------------------------------------------------------
[2020-06-13 12:17:10,884] {taskinstance.py:900} INFO - Executing <Task(BashOperator): say_hi> on 2020-06-01T10:01:00+00:00
[2020-06-13 12:17:10,886] {standard_task_runner.py:53} INFO - Started process 80206 to run task
[2020-06-13 12:17:10,929] {logging_mixin.py:112} INFO - Running %s on host %s <TaskInstance: simple_dag.say_hi 2020-06-01T10:01:00+00:00 [running]> nineleaps-ThinkPad-E480
[2020-06-13 12:17:10,950] {bash_operator.py:82} INFO - Tmp dir root location: 
 /tmp
[2020-06-13 12:17:10,952] {bash_operator.py:105} INFO - Temporary script location: /tmp/airflowtmpz0j_n7a8/say_hi24fe6yv7
[2020-06-13 12:17:10,952] {bash_operator.py:115} INFO - Running command: echo Hi !!
[2020-06-13 12:17:10,957] {bash_operator.py:122} INFO - Output:
[2020-06-13 12:17:10,959] {bash_operator.py:126} INFO - Hi !!
[2020-06-13 12:17:10,959] {bash_operator.py:130} INFO - Command exited with return code 0
[2020-06-13 12:17:10,970] {taskinstance.py:1065} INFO - Marking task as SUCCESS.dag_id=simple_dag, task_id=say_hi, execution_date=20200601T100100, start_date=20200613T064710, end_date=20200613T064710
[2020-06-13 12:17:20,846] {logging_mixin.py:112} INFO - [2020-06-13 12:17:20,846] {local_task_job.py:103} INFO - Task exited with return code 0
[2020-06-13 12:23:45,060] {taskinstance.py:669} INFO - Dependencies all met for <TaskInstance: simple_dag.say_hi 2020-06-01T10:01:00+00:00 [queued]>
[2020-06-13 12:23:45,071] {taskinstance.py:669} INFO - Dependencies all met for <TaskInstance: simple_dag.say_hi 2020-06-01T10:01:00+00:00 [queued]>
[2020-06-13 12:23:45,071] {taskinstance.py:879} INFO - 
--------------------------------------------------------------------------------
[2020-06-13 12:23:45,071] {taskinstance.py:880} INFO - Starting attempt 1 of 2
[2020-06-13 12:23:45,071] {taskinstance.py:881} INFO - 
--------------------------------------------------------------------------------
[2020-06-13 12:23:45,085] {taskinstance.py:900} INFO - Executing <Task(BashOperator): say_hi> on 2020-06-01T10:01:00+00:00
[2020-06-13 12:23:45,087] {standard_task_runner.py:53} INFO - Started process 81761 to run task
[2020-06-13 12:23:45,131] {logging_mixin.py:112} INFO - Running %s on host %s <TaskInstance: simple_dag.say_hi 2020-06-01T10:01:00+00:00 [running]> nineleaps-ThinkPad-E480
[2020-06-13 12:23:45,142] {bash_operator.py:82} INFO - Tmp dir root location: 
 /tmp
[2020-06-13 12:23:45,143] {bash_operator.py:105} INFO - Temporary script location: /tmp/airflowtmpp38oy5bc/say_hid_xet068
[2020-06-13 12:23:45,143] {bash_operator.py:115} INFO - Running command: echo Hi !!
[2020-06-13 12:23:45,147] {bash_operator.py:122} INFO - Output:
[2020-06-13 12:23:45,148] {bash_operator.py:126} INFO - Hi !!
[2020-06-13 12:23:45,149] {bash_operator.py:130} INFO - Command exited with return code 0
[2020-06-13 12:23:45,155] {taskinstance.py:1065} INFO - Marking task as SUCCESS.dag_id=simple_dag, task_id=say_hi, execution_date=20200601T100100, start_date=20200613T065345, end_date=20200613T065345
[2020-06-13 12:23:55,052] {logging_mixin.py:112} INFO - [2020-06-13 12:23:55,051] {local_task_job.py:103} INFO - Task exited with return code 0
[2020-06-13 12:37:09,655] {taskinstance.py:669} INFO - Dependencies all met for <TaskInstance: simple_dag.say_hi 2020-06-01T10:01:00+00:00 [queued]>
[2020-06-13 12:37:09,668] {taskinstance.py:669} INFO - Dependencies all met for <TaskInstance: simple_dag.say_hi 2020-06-01T10:01:00+00:00 [queued]>
[2020-06-13 12:37:09,668] {taskinstance.py:879} INFO - 
--------------------------------------------------------------------------------
[2020-06-13 12:37:09,668] {taskinstance.py:880} INFO - Starting attempt 1 of 2
[2020-06-13 12:37:09,668] {taskinstance.py:881} INFO - 
--------------------------------------------------------------------------------
[2020-06-13 12:37:09,681] {taskinstance.py:900} INFO - Executing <Task(BashOperator): say_hi> on 2020-06-01T10:01:00+00:00
[2020-06-13 12:37:09,683] {standard_task_runner.py:53} INFO - Started process 84598 to run task
[2020-06-13 12:37:09,735] {logging_mixin.py:112} INFO - Running %s on host %s <TaskInstance: simple_dag.say_hi 2020-06-01T10:01:00+00:00 [running]> nineleaps-ThinkPad-E480
[2020-06-13 12:37:09,746] {bash_operator.py:82} INFO - Tmp dir root location: 
 /tmp
[2020-06-13 12:37:09,746] {bash_operator.py:105} INFO - Temporary script location: /tmp/airflowtmpa5l7vbh8/say_hiw345h4oi
[2020-06-13 12:37:09,746] {bash_operator.py:115} INFO - Running command: echo Hi !!
[2020-06-13 12:37:09,750] {bash_operator.py:122} INFO - Output:
[2020-06-13 12:37:09,751] {bash_operator.py:126} INFO - Hi !!
[2020-06-13 12:37:09,751] {bash_operator.py:130} INFO - Command exited with return code 0
[2020-06-13 12:37:09,757] {taskinstance.py:1065} INFO - Marking task as SUCCESS.dag_id=simple_dag, task_id=say_hi, execution_date=20200601T100100, start_date=20200613T070709, end_date=20200613T070709
[2020-06-13 12:37:19,636] {logging_mixin.py:112} INFO - [2020-06-13 12:37:19,635] {local_task_job.py:103} INFO - Task exited with return code 0
[2020-06-13 12:44:00,235] {taskinstance.py:669} INFO - Dependencies all met for <TaskInstance: simple_dag.say_hi 2020-06-01T10:01:00+00:00 [queued]>
[2020-06-13 12:44:00,247] {taskinstance.py:669} INFO - Dependencies all met for <TaskInstance: simple_dag.say_hi 2020-06-01T10:01:00+00:00 [queued]>
[2020-06-13 12:44:00,247] {taskinstance.py:879} INFO - 
--------------------------------------------------------------------------------
[2020-06-13 12:44:00,247] {taskinstance.py:880} INFO - Starting attempt 1 of 2
[2020-06-13 12:44:00,247] {taskinstance.py:881} INFO - 
--------------------------------------------------------------------------------
[2020-06-13 12:44:00,262] {taskinstance.py:900} INFO - Executing <Task(BashOperator): say_hi> on 2020-06-01T10:01:00+00:00
[2020-06-13 12:44:00,264] {standard_task_runner.py:53} INFO - Started process 86374 to run task
[2020-06-13 12:44:00,308] {logging_mixin.py:112} INFO - Running %s on host %s <TaskInstance: simple_dag.say_hi 2020-06-01T10:01:00+00:00 [running]> nineleaps-ThinkPad-E480
[2020-06-13 12:44:00,318] {bash_operator.py:82} INFO - Tmp dir root location: 
 /tmp
[2020-06-13 12:44:00,319] {bash_operator.py:105} INFO - Temporary script location: /tmp/airflowtmpcj5q7sr4/say_hi9pfz_e1b
[2020-06-13 12:44:00,319] {bash_operator.py:115} INFO - Running command: echo Hi !!
[2020-06-13 12:44:00,323] {bash_operator.py:122} INFO - Output:
[2020-06-13 12:44:00,323] {bash_operator.py:126} INFO - Hi !!
[2020-06-13 12:44:00,324] {bash_operator.py:130} INFO - Command exited with return code 0
[2020-06-13 12:44:00,329] {taskinstance.py:1065} INFO - Marking task as SUCCESS.dag_id=simple_dag, task_id=say_hi, execution_date=20200601T100100, start_date=20200613T071400, end_date=20200613T071400
[2020-06-13 12:44:10,225] {logging_mixin.py:112} INFO - [2020-06-13 12:44:10,225] {local_task_job.py:103} INFO - Task exited with return code 0
